Mplus VERSION 8.4 (Mac)
MUTHEN & MUTHEN
09/24/2020  10:22 AM

INPUT INSTRUCTIONS

  TITLE:
  Class-1 LCA Enumeration - Youth Coping Strategies
  DATA:
  FILE = "/Users/agarber/Desktop/bd_paper_r_code/enum_mplus/c_lca_enum_bd.dat";

  VARIABLE:
  NAMES = id FEMALE studraw ETHN_CMP do1 do2 do3 do4 do5 do6 do7 psolv1 psolv2 psolv3
       psolv4 psolv5 psolv6 psolv7 psolv8 SOC_STRS BOTHR_U negmood1 posmood1;
   MISSING=.;
   categorical = do1 do2 do3 do5 do6;
  usevar = do1 do2 do3 do5 do6;

  classes = c(1);
  ANALYSIS:
  estimator = mlr;
      type = mixture;
      starts = 500 100;
      stseed = 5082020; !!! to avoid re-arranging of classes !!!
      processors=10;
  OUTPUT:
  sampstat tech11 tech14;
  PLOT:
  type = plot3;
      series = do1 do2 do3 do5 do6(*);



*** WARNING in OUTPUT command
  SAMPSTAT option is not available when all outcomes are censored, ordered
  categorical, unordered categorical (nominal), count or continuous-time
  survival variables.  Request for SAMPSTAT is ignored.
*** WARNING in OUTPUT command
  TECH11 option is not available for TYPE=MIXTURE with only one class.
  Request for TECH11 is ignored.
*** WARNING in OUTPUT command
  TECH14 option is not available for TYPE=MIXTURE with only one class.
  Request for TECH14 is ignored.
*** WARNING
  Data set contains cases with missing on all variables.
  These cases were not included in the analysis.
  Number of cases with missing on all variables:  143
   4 WARNING(S) FOUND IN THE INPUT INSTRUCTIONS




Class-1 LCA Enumeration - Youth Coping Strategies

SUMMARY OF ANALYSIS

Number of groups                                                 1
Number of observations                                         446

Number of dependent variables                                    5
Number of independent variables                                  0
Number of continuous latent variables                            0
Number of categorical latent variables                           1

Observed dependent variables

  Binary and ordered categorical (ordinal)
   DO1         DO2         DO3         DO5         DO6

Categorical latent variables
   C


Estimator                                                      MLR
Information matrix                                        OBSERVED
Optimization Specifications for the Quasi-Newton Algorithm for
Continuous Outcomes
  Maximum number of iterations                                 100
  Convergence criterion                                  0.100D-05
Optimization Specifications for the EM Algorithm
  Maximum number of iterations                                 500
  Convergence criteria
    Loglikelihood change                                 0.100D-06
    Relative loglikelihood change                        0.100D-06
    Derivative                                           0.100D-05
Optimization Specifications for the M step of the EM Algorithm for
Categorical Latent variables
  Number of M step iterations                                    1
  M step convergence criterion                           0.100D-05
  Basis for M step termination                           ITERATION
Optimization Specifications for the M step of the EM Algorithm for
Censored, Binary or Ordered Categorical (Ordinal), Unordered
Categorical (Nominal) and Count Outcomes
  Number of M step iterations                                    1
  M step convergence criterion                           0.100D-05
  Basis for M step termination                           ITERATION
  Maximum value for logit thresholds                            15
  Minimum value for logit thresholds                           -15
  Minimum expected cell size for chi-square              0.100D-01
Maximum number of iterations for H1                           2000
Convergence criterion for H1                             0.100D-03
Optimization algorithm                                         EMA
Random Starts Specifications
  Number of initial stage random starts                        500
  Number of final stage optimizations                          100
  Number of initial stage iterations                            10
  Initial stage convergence criterion                    0.100D+01
  Random starts scale                                    0.500D+01
  Random seed for generating random starts                 5082020
Link                                                         LOGIT

Input data file(s)
  /Users/agarber/Desktop/bd_paper_r_code/enum_mplus/c_lca_enum_bd.dat
Input data format  FREE


SUMMARY OF DATA

     Number of missing data patterns             4
     Number of y missing data patterns           0
     Number of u missing data patterns           4


COVARIANCE COVERAGE OF DATA

Minimum covariance coverage value   0.100


     PROPORTION OF DATA PRESENT FOR U


           Covariance Coverage
              DO1           DO2           DO3           DO5           DO6
              ________      ________      ________      ________      ________
 DO1            1.000
 DO2            1.000         1.000
 DO3            0.996         0.996         0.996
 DO5            0.998         0.998         0.993         0.998
 DO6            0.996         0.996         0.991         0.993         0.996


UNIVARIATE PROPORTIONS AND COUNTS FOR CATEGORICAL VARIABLES

    DO1
      Category 1    0.507          226.000
      Category 2    0.493          220.000
    DO2
      Category 1    0.913          407.000
      Category 2    0.087           39.000
    DO3
      Category 1    0.484          215.000
      Category 2    0.516          229.000
    DO5
      Category 1    0.485          216.000
      Category 2    0.515          229.000
    DO6
      Category 1    0.775          344.000
      Category 2    0.225          100.000


RANDOM STARTS RESULTS RANKED FROM THE BEST TO THE WORST LOGLIKELIHOOD VALUES

Final stage loglikelihood values at local maxima, seeds, and initial stage start numbers:

           -1294.025  624171           301
           -1294.025  110211           151
           -1294.025  550144           351
           -1294.025  393552           401
           -1294.025  510150           201
           -1294.025  641318           101
           -1294.025  672007           51
           -1294.025  75026            451
           -1294.025  365063           251
           -1294.025  191550           256
           -1294.025  437937           128
           -1294.025  355041           257
           -1294.025  312824           258
           -1294.025  162253           64
           -1294.025  169203           129
           -1294.025  628232           259
           -1294.025  368988           260
           -1294.025  973247           130
           -1294.025  891348           261
           -1294.025  65014            262
           -1294.025  552732           65
           -1294.025  286861           131
           -1294.025  569800           263
           -1294.025  41909            264
           -1294.025  362507           132
           -1294.025  655478           66
           -1294.025  13598            133
           -1294.025  400815           134
           -1294.025  615751           67
           -1294.025  902603           135
           -1294.025  794984           136
           -1294.025  590310           68
           -1294.025  665798           69
           -1294.025  599613           70
           -1294.025  393210           71
           -1294.025  493083           72
           -1294.025  484726           302
           -1294.025  505586           303
           -1294.025  627737           304
           -1294.025  636771           152
           -1294.025  681924           305
           -1294.025  981440           306
           -1294.025  165497           153
           -1294.025  652370           458
           -1294.025  628147           307
           -1294.025  243708           308
           -1294.025  557327           154
           -1294.025  675105           309
           -1294.025  487932           310
           -1294.025  485856           155
           -1294.025  829820           156
           -1294.025  532474           157
           -1294.025  522753           158
           -1294.025  561197           159
           -1294.025  842713           160
           -1294.025  911185           352
           -1294.025  756001           353
           -1294.025  566986           354
           -1294.025  736101           355
           -1294.025  697425           356
           -1294.025  333210           357
           -1294.025  745497           358
           -1294.025  661889           359
           -1294.025  478893           360
           -1294.025  659958           402
           -1294.025  740301           403
           -1294.025  140624           404
           -1294.025  536769           202
           -1294.025  345618           405
           -1294.025  431626           406
           -1294.025  804879           203
           -1294.025  456257           407
           -1294.025  93510            408
           -1294.025  102111           204
           -1294.025  641880           409
           -1294.025  428736           410
           -1294.025  475761           205
           -1294.025  972913           206
           -1294.025  37578            207
           -1294.025  126784           208
           -1294.025  996054           209
           -1294.025  88786            210
           -1294.025  162920           452
           -1294.025  545501           453
           -1294.025  397413           454
           -1294.025  618565           455
           -1294.025  230062           456
           -1294.025  37799            457
           -1294.025  510704           459
           -1294.025  808015           494
           -1294.025  unperturbed      0
           -1294.025  488677           7
           -1294.025  841870           31
           -1294.025  441322           15
           -1294.025  286069           32
           -1294.025  634435           33
           -1294.025  93758            16
           -1294.025  242557           34
           -1294.025  878534           1
           -1294.025  566185           3



THE MODEL ESTIMATION TERMINATED NORMALLY



MODEL FIT INFORMATION

Number of Free Parameters                        5

Loglikelihood

          H0 Value                       -1294.025
          H0 Scaling Correction Factor      1.0000
            for MLR

Information Criteria

          Akaike (AIC)                    2598.050
          Bayesian (BIC)                  2618.552
          Sample-Size Adjusted BIC        2602.684
            (n* = (n + 2) / 24)

Chi-Square Test of Model Fit for the Binary and Ordered Categorical
(Ordinal) Outcomes

          Pearson Chi-Square

          Value                            128.698
          Degrees of Freedom                    26
          P-Value                           0.0000

          Likelihood Ratio Chi-Square

          Value                            107.937
          Degrees of Freedom                    26
          P-Value                           0.0000

Chi-Square Test for MCAR under the Unrestricted Latent Class Indicator Model

          Pearson Chi-Square

          Value                             22.851
          Degrees of Freedom                    45
          P-Value                           0.9976

          Likelihood Ratio Chi-Square

          Value                             16.170
          Degrees of Freedom                    45
          P-Value                           1.0000



FINAL CLASS COUNTS AND PROPORTIONS FOR THE LATENT CLASSES
BASED ON THE ESTIMATED MODEL

    Latent
   Classes

       1        446.00000          1.00000


FINAL CLASS COUNTS AND PROPORTIONS FOR THE LATENT CLASSES
BASED ON ESTIMATED POSTERIOR PROBABILITIES

    Latent
   Classes

       1        446.00000          1.00000


FINAL CLASS COUNTS AND PROPORTIONS FOR THE LATENT CLASSES
BASED ON THEIR MOST LIKELY LATENT CLASS MEMBERSHIP

Class Counts and Proportions

    Latent
   Classes

       1              446          1.00000


Classification Probabilities for the Most Likely Latent Class Membership (Column)
by Latent Class (Row)

           1

    1   1.000


Logits for the Classification Probabilities for the Most Likely Latent Class Membership (Column)
by Latent Class (Row)

              1

    1      0.000


MODEL RESULTS

                                                    Two-Tailed
                    Estimate       S.E.  Est./S.E.    P-Value

Latent Class 1

 Thresholds
    DO1$1              0.027      0.095      0.284      0.776
    DO2$1              2.345      0.168     13.991      0.000
    DO3$1             -0.063      0.095     -0.664      0.506
    DO5$1             -0.058      0.095     -0.616      0.538
    DO6$1              1.235      0.114     10.875      0.000


RESULTS IN PROBABILITY SCALE

Latent Class 1

 DO1
    Category 1         0.507      0.024     21.405      0.000
    Category 2         0.493      0.024     20.836      0.000
 DO2
    Category 1         0.913      0.013     68.223      0.000
    Category 2         0.087      0.013      6.537      0.000
 DO3
    Category 1         0.484      0.024     20.417      0.000
    Category 2         0.516      0.024     21.747      0.000
 DO5
    Category 1         0.485      0.024     20.488      0.000
    Category 2         0.515      0.024     21.721      0.000
 DO6
    Category 1         0.775      0.020     39.081      0.000
    Category 2         0.225      0.020     11.361      0.000


QUALITY OF NUMERICAL RESULTS

     Condition Number for the Information Matrix              0.207E+00
       (ratio of smallest to largest eigenvalue)


PLOT INFORMATION

The following plots are available:

  Histograms (sample values)
  Scatterplots (sample values)
  Sample proportions and estimated probabilities

     Beginning Time:  10:22:47
        Ending Time:  10:22:47
       Elapsed Time:  00:00:00



MUTHEN & MUTHEN
3463 Stoner Ave.
Los Angeles, CA  90066

Tel: (310) 391-9971
Fax: (310) 391-8971
Web: www.StatModel.com
Support: Support@StatModel.com

Copyright (c) 1998-2019 Muthen & Muthen
