Mplus VERSION 8.4 (Mac)
MUTHEN & MUTHEN
09/24/2020  10:22 AM

INPUT INSTRUCTIONS

  TITLE:
  Class-2 LCA Enumeration - Youth Coping Strategies
  DATA:
  FILE = "/Users/agarber/Desktop/bd_paper_r_code/enum_mplus/c_lca_enum_bd.dat";

  VARIABLE:
  NAMES = id FEMALE studraw ETHN_CMP do1 do2 do3 do4 do5 do6 do7 psolv1 psolv2 psolv3
       psolv4 psolv5 psolv6 psolv7 psolv8 SOC_STRS BOTHR_U negmood1 posmood1;
   MISSING=.;
   categorical = do1 do2 do3 do5 do6;
  usevar = do1 do2 do3 do5 do6;

  classes = c(2);
  ANALYSIS:
  estimator = mlr;
      type = mixture;
      starts = 500 100;
      stseed = 5082020; !!! to avoid re-arranging of classes !!!
      processors=10;
  OUTPUT:
  sampstat tech11 tech14;
  PLOT:
  type = plot3;
      series = do1 do2 do3 do5 do6(*);



*** WARNING in OUTPUT command
  SAMPSTAT option is not available when all outcomes are censored, ordered
  categorical, unordered categorical (nominal), count or continuous-time
  survival variables.  Request for SAMPSTAT is ignored.
*** WARNING
  Data set contains cases with missing on all variables.
  These cases were not included in the analysis.
  Number of cases with missing on all variables:  143
   2 WARNING(S) FOUND IN THE INPUT INSTRUCTIONS




Class-2 LCA Enumeration - Youth Coping Strategies

SUMMARY OF ANALYSIS

Number of groups                                                 1
Number of observations                                         446

Number of dependent variables                                    5
Number of independent variables                                  0
Number of continuous latent variables                            0
Number of categorical latent variables                           1

Observed dependent variables

  Binary and ordered categorical (ordinal)
   DO1         DO2         DO3         DO5         DO6

Categorical latent variables
   C


Estimator                                                      MLR
Information matrix                                        OBSERVED
Optimization Specifications for the Quasi-Newton Algorithm for
Continuous Outcomes
  Maximum number of iterations                                 100
  Convergence criterion                                  0.100D-05
Optimization Specifications for the EM Algorithm
  Maximum number of iterations                                 500
  Convergence criteria
    Loglikelihood change                                 0.100D-06
    Relative loglikelihood change                        0.100D-06
    Derivative                                           0.100D-05
Optimization Specifications for the M step of the EM Algorithm for
Categorical Latent variables
  Number of M step iterations                                    1
  M step convergence criterion                           0.100D-05
  Basis for M step termination                           ITERATION
Optimization Specifications for the M step of the EM Algorithm for
Censored, Binary or Ordered Categorical (Ordinal), Unordered
Categorical (Nominal) and Count Outcomes
  Number of M step iterations                                    1
  M step convergence criterion                           0.100D-05
  Basis for M step termination                           ITERATION
  Maximum value for logit thresholds                            15
  Minimum value for logit thresholds                           -15
  Minimum expected cell size for chi-square              0.100D-01
Maximum number of iterations for H1                           2000
Convergence criterion for H1                             0.100D-03
Optimization algorithm                                         EMA
Random Starts Specifications
  Number of initial stage random starts                        500
  Number of final stage optimizations                          100
  Number of initial stage iterations                            10
  Initial stage convergence criterion                    0.100D+01
  Random starts scale                                    0.500D+01
  Random seed for generating random starts                 5082020
Link                                                         LOGIT

Input data file(s)
  /Users/agarber/Desktop/bd_paper_r_code/enum_mplus/c_lca_enum_bd.dat
Input data format  FREE


SUMMARY OF DATA

     Number of missing data patterns             4
     Number of y missing data patterns           0
     Number of u missing data patterns           4


COVARIANCE COVERAGE OF DATA

Minimum covariance coverage value   0.100


     PROPORTION OF DATA PRESENT FOR U


           Covariance Coverage
              DO1           DO2           DO3           DO5           DO6
              ________      ________      ________      ________      ________
 DO1            1.000
 DO2            1.000         1.000
 DO3            0.996         0.996         0.996
 DO5            0.998         0.998         0.993         0.998
 DO6            0.996         0.996         0.991         0.993         0.996


UNIVARIATE PROPORTIONS AND COUNTS FOR CATEGORICAL VARIABLES

    DO1
      Category 1    0.507          226.000
      Category 2    0.493          220.000
    DO2
      Category 1    0.913          407.000
      Category 2    0.087           39.000
    DO3
      Category 1    0.484          215.000
      Category 2    0.516          229.000
    DO5
      Category 1    0.485          216.000
      Category 2    0.515          229.000
    DO6
      Category 1    0.775          344.000
      Category 2    0.225          100.000


RANDOM STARTS RESULTS RANKED FROM THE BEST TO THE WORST LOGLIKELIHOOD VALUES

Final stage loglikelihood values at local maxima, seeds, and initial stage start numbers:

           -1259.240  514730           346
           -1259.240  925916           99
           -1259.240  555033           493
           -1259.240  747764           184
           -1259.240  590310           68
           -1259.240  661889           359
           -1259.240  24656            215
           -1259.240  350708           109
           -1259.240  319493           283
           -1259.240  17432            292
           -1259.240  28484            327
           -1259.240  281992           443
           -1259.240  635227           273
           -1259.240  109363           35
           -1259.240  518089           125
           -1259.240  717033           475
           -1259.240  472643           41
           -1259.240  342254           414
           -1259.240  410217           19
           -1259.240  472265           281
           -1259.240  286861           131
           -1259.240  710478           345
           -1259.240  758233           467
           -1259.240  4754             375
           -1259.240  808015           494
           -1259.240  745497           358
           -1259.240  197823           245
           -1259.240  505586           303
           -1259.240  124017           298
           -1259.240  815794           197
           -1259.240  917400           149
           -1259.240  636515           140
           -1259.240  529593           339
           -1259.240  615291           382
           -1259.240  44168            288
           -1259.240  465179           363
           -1259.240  189422           9
           -1259.240  439553           54
           -1259.240  841870           31
           -1259.240  381058           86
           -1259.240  629018           321
           -1259.240  162224           171
           -1259.240  10224            214
           -1259.240  25950            289
           -1259.240  904580           224
           -1259.240  409693           450
           -1259.240  952234           481
           -1259.240  928976           221
           -1259.240  135400           249
           -1259.240  548360           175
           -1259.240  unperturbed      0
           -1259.240  88786            210
           -1259.240  273119           5
           -1259.240  678391           482
           -1259.240  652752           114
           -1259.240  484466           200
           -1259.240  13598            133
           -1259.240  243708           308
           -1259.240  431626           406
           -1259.240  199566           4
           -1259.240  655478           66
           -1259.240  5432             97
           -1259.240  373695           93
           -1259.240  193410           373
           -1259.240  427920           165
           -1259.240  641665           255
           -1259.240  638790           194
           -1259.240  215998           337
           -1259.240  552732           65
           -1259.240  475761           205
           -1259.240  37587            488
           -1259.240  641318           101
           -1259.240  566462           240
           -1259.240  490821           297
           -1259.240  665798           69
           -1259.240  714429           46
           -1259.240  362517           374
           -1259.240  640775           445
           -1259.240  809878           383
           -1259.240  993298           253
           -1259.240  491635           365
           -1259.240  855874           476
           -1259.240  355399           487
           -1259.240  362507           132
           -1259.240  740301           403

15 perturbed starting value run(s) did not converge or were rejected in the third stage.



THE BEST LOGLIKELIHOOD VALUE HAS BEEN REPLICATED.  RERUN WITH AT LEAST TWICE THE
RANDOM STARTS TO CHECK THAT THE BEST LOGLIKELIHOOD IS STILL OBTAINED AND REPLICATED.


THE MODEL ESTIMATION TERMINATED NORMALLY



MODEL FIT INFORMATION

Number of Free Parameters                       11

Loglikelihood

          H0 Value                       -1259.240
          H0 Scaling Correction Factor      1.0698
            for MLR

Information Criteria

          Akaike (AIC)                    2540.480
          Bayesian (BIC)                  2585.584
          Sample-Size Adjusted BIC        2550.674
            (n* = (n + 2) / 24)

Chi-Square Test of Model Fit for the Binary and Ordered Categorical
(Ordinal) Outcomes

          Pearson Chi-Square

          Value                             38.390
          Degrees of Freedom                    20
          P-Value                           0.0079

          Likelihood Ratio Chi-Square

          Value                             38.367
          Degrees of Freedom                    20
          P-Value                           0.0080

Chi-Square Test for MCAR under the Unrestricted Latent Class Indicator Model

          Pearson Chi-Square

          Value                             22.851
          Degrees of Freedom                    45
          P-Value                           0.9976

          Likelihood Ratio Chi-Square

          Value                             16.170
          Degrees of Freedom                    45
          P-Value                           1.0000



FINAL CLASS COUNTS AND PROPORTIONS FOR THE LATENT CLASSES
BASED ON THE ESTIMATED MODEL

    Latent
   Classes

       1        159.33930          0.35726
       2        286.66070          0.64274


FINAL CLASS COUNTS AND PROPORTIONS FOR THE LATENT CLASSES
BASED ON ESTIMATED POSTERIOR PROBABILITIES

    Latent
   Classes

       1        159.33930          0.35726
       2        286.66070          0.64274


FINAL CLASS COUNTS AND PROPORTIONS FOR THE LATENT CLASSES
BASED ON THEIR MOST LIKELY LATENT CLASS MEMBERSHIP

Class Counts and Proportions

    Latent
   Classes

       1              169          0.37892
       2              277          0.62108


CLASSIFICATION QUALITY

     Entropy                         0.563


Classification Probabilities for the Most Likely Latent Class Membership (Column)
by Latent Class (Row)

           1        2

    1   0.851    0.149
    2   0.116    0.884


Logits for the Classification Probabilities for the Most Likely Latent Class Membership (Column)
by Latent Class (Row)

              1        2

    1      1.745    0.000
    2     -2.027    0.000


MODEL RESULTS

                                                    Two-Tailed
                    Estimate       S.E.  Est./S.E.    P-Value

Latent Class 1

 Thresholds
    DO1$1              0.960      0.420      2.287      0.022
    DO2$1              3.052      0.479      6.370      0.000
    DO3$1              1.089      0.465      2.343      0.019
    DO5$1              2.902      2.904      0.999      0.318
    DO6$1              1.878      0.454      4.140      0.000

Latent Class 2

 Thresholds
    DO1$1             -0.462      0.171     -2.704      0.007
    DO2$1              2.081      0.255      8.175      0.000
    DO3$1             -0.674      0.252     -2.675      0.007
    DO5$1             -1.212      0.516     -2.350      0.019
    DO6$1              0.961      0.201      4.782      0.000

Categorical Latent Variables

 Means
    C#1               -0.587      0.516     -1.138      0.255


RESULTS IN PROBABILITY SCALE

Latent Class 1

 DO1
    Category 1         0.723      0.084      8.604      0.000
    Category 2         0.277      0.084      3.295      0.001
 DO2
    Category 1         0.955      0.021     46.240      0.000
    Category 2         0.045      0.021      2.186      0.029
 DO3
    Category 1         0.748      0.088      8.543      0.000
    Category 2         0.252      0.088      2.875      0.004
 DO5
    Category 1         0.948      0.143      6.616      0.000
    Category 2         0.052      0.143      0.363      0.716
 DO6
    Category 1         0.867      0.052     16.623      0.000
    Category 2         0.133      0.052      2.542      0.011

Latent Class 2

 DO1
    Category 1         0.386      0.041      9.536      0.000
    Category 2         0.614      0.041     15.139      0.000
 DO2
    Category 1         0.889      0.025     35.403      0.000
    Category 2         0.111      0.025      4.419      0.000
 DO3
    Category 1         0.338      0.056      5.995      0.000
    Category 2         0.662      0.056     11.759      0.000
 DO5
    Category 1         0.229      0.091      2.515      0.012
    Category 2         0.771      0.091      8.453      0.000
 DO6
    Category 1         0.723      0.040     17.982      0.000
    Category 2         0.277      0.040      6.876      0.000


LATENT CLASS ODDS RATIO RESULTS

                                         (Est. - 1) Two-Tailed
                    Estimate       S.E.     / S.E.    P-Value

Latent Class 1 Compared to Latent Class 2

 DO1
    Category > 1       0.241      0.100     -7.612      0.000
 DO2
    Category > 1       0.379      0.227     -2.735      0.006
 DO3
    Category > 1       0.172      0.082    -10.164      0.000
 DO5
    Category > 1       0.016      0.046    -21.225      0.000
 DO6
    Category > 1       0.400      0.220     -2.733      0.006


QUALITY OF NUMERICAL RESULTS

     Condition Number for the Information Matrix              0.192E-02
       (ratio of smallest to largest eigenvalue)


TECHNICAL 11 OUTPUT

     Random Starts Specifications for the k-1 Class Analysis Model
        Number of initial stage random starts                 500
        Number of final stage optimizations                   100



     VUONG-LO-MENDELL-RUBIN LIKELIHOOD RATIO TEST FOR 1 (H0) VERSUS 2 CLASSES

          H0 Loglikelihood Value                        -1294.025
          2 Times the Loglikelihood Difference             69.570
          Difference in the Number of Parameters                6
          Mean                                              8.489
          Standard Deviation                                6.502
          P-Value                                          0.0000

     LO-MENDELL-RUBIN ADJUSTED LRT TEST

          Value                                            67.720
          P-Value                                          0.0000


TECHNICAL 14 OUTPUT

     Random Starts Specifications for the k-1 Class Analysis Model
        Number of initial stage random starts                 500
        Number of final stage optimizations                   100

     Random Starts Specification for the k-1 Class Model for Generated Data
        Number of initial stage random starts                   0
        Number of final stage optimizations for the
           initial stage random starts                          0
     Random Starts Specification for the k Class Model for Generated Data
        Number of initial stage random starts                  40
        Number of final stage optimizations                     8
     Number of bootstrap draws requested                   Varies


     PARAMETRIC BOOTSTRAPPED LIKELIHOOD RATIO TEST FOR 1 (H0) VERSUS 2 CLASSES

          H0 Loglikelihood Value                        -1294.025
          2 Times the Loglikelihood Difference             69.570
          Difference in the Number of Parameters                6
          Approximate P-Value                              0.0000
          Successful Bootstrap Draws                            5


PLOT INFORMATION

The following plots are available:

  Histograms (sample values)
  Scatterplots (sample values)
  Sample proportions and estimated probabilities

     Beginning Time:  10:22:47
        Ending Time:  10:22:47
       Elapsed Time:  00:00:00



MUTHEN & MUTHEN
3463 Stoner Ave.
Los Angeles, CA  90066

Tel: (310) 391-9971
Fax: (310) 391-8971
Web: www.StatModel.com
Support: Support@StatModel.com

Copyright (c) 1998-2019 Muthen & Muthen
