Mplus VERSION 8.4 (Mac)
MUTHEN & MUTHEN
09/24/2020  10:22 AM

INPUT INSTRUCTIONS

  TITLE:
  Class-3 LCA Enumeration - Youth Coping Strategies
  DATA:
  FILE = "/Users/agarber/Desktop/bd_paper_r_code/enum_mplus/c_lca_enum_bd.dat";

  VARIABLE:
  NAMES = id FEMALE studraw ETHN_CMP do1 do2 do3 do4 do5 do6 do7 psolv1 psolv2 psolv3
       psolv4 psolv5 psolv6 psolv7 psolv8 SOC_STRS BOTHR_U negmood1 posmood1;
   MISSING=.;
   categorical = do1 do2 do3 do5 do6;
  usevar = do1 do2 do3 do5 do6;

  classes = c(3);
  ANALYSIS:
  estimator = mlr;
      type = mixture;
      starts = 500 100;
      stseed = 5082020; !!! to avoid re-arranging of classes !!!
      processors=10;
  OUTPUT:
  sampstat tech11 tech14;
  PLOT:
  type = plot3;
      series = do1 do2 do3 do5 do6(*);



*** WARNING in OUTPUT command
  SAMPSTAT option is not available when all outcomes are censored, ordered
  categorical, unordered categorical (nominal), count or continuous-time
  survival variables.  Request for SAMPSTAT is ignored.
*** WARNING
  Data set contains cases with missing on all variables.
  These cases were not included in the analysis.
  Number of cases with missing on all variables:  143
   2 WARNING(S) FOUND IN THE INPUT INSTRUCTIONS




Class-3 LCA Enumeration - Youth Coping Strategies

SUMMARY OF ANALYSIS

Number of groups                                                 1
Number of observations                                         446

Number of dependent variables                                    5
Number of independent variables                                  0
Number of continuous latent variables                            0
Number of categorical latent variables                           1

Observed dependent variables

  Binary and ordered categorical (ordinal)
   DO1         DO2         DO3         DO5         DO6

Categorical latent variables
   C


Estimator                                                      MLR
Information matrix                                        OBSERVED
Optimization Specifications for the Quasi-Newton Algorithm for
Continuous Outcomes
  Maximum number of iterations                                 100
  Convergence criterion                                  0.100D-05
Optimization Specifications for the EM Algorithm
  Maximum number of iterations                                 500
  Convergence criteria
    Loglikelihood change                                 0.100D-06
    Relative loglikelihood change                        0.100D-06
    Derivative                                           0.100D-05
Optimization Specifications for the M step of the EM Algorithm for
Categorical Latent variables
  Number of M step iterations                                    1
  M step convergence criterion                           0.100D-05
  Basis for M step termination                           ITERATION
Optimization Specifications for the M step of the EM Algorithm for
Censored, Binary or Ordered Categorical (Ordinal), Unordered
Categorical (Nominal) and Count Outcomes
  Number of M step iterations                                    1
  M step convergence criterion                           0.100D-05
  Basis for M step termination                           ITERATION
  Maximum value for logit thresholds                            15
  Minimum value for logit thresholds                           -15
  Minimum expected cell size for chi-square              0.100D-01
Maximum number of iterations for H1                           2000
Convergence criterion for H1                             0.100D-03
Optimization algorithm                                         EMA
Random Starts Specifications
  Number of initial stage random starts                        500
  Number of final stage optimizations                          100
  Number of initial stage iterations                            10
  Initial stage convergence criterion                    0.100D+01
  Random starts scale                                    0.500D+01
  Random seed for generating random starts                 5082020
Link                                                         LOGIT

Input data file(s)
  /Users/agarber/Desktop/bd_paper_r_code/enum_mplus/c_lca_enum_bd.dat
Input data format  FREE


SUMMARY OF DATA

     Number of missing data patterns             4
     Number of y missing data patterns           0
     Number of u missing data patterns           4


COVARIANCE COVERAGE OF DATA

Minimum covariance coverage value   0.100


     PROPORTION OF DATA PRESENT FOR U


           Covariance Coverage
              DO1           DO2           DO3           DO5           DO6
              ________      ________      ________      ________      ________
 DO1            1.000
 DO2            1.000         1.000
 DO3            0.996         0.996         0.996
 DO5            0.998         0.998         0.993         0.998
 DO6            0.996         0.996         0.991         0.993         0.996


UNIVARIATE PROPORTIONS AND COUNTS FOR CATEGORICAL VARIABLES

    DO1
      Category 1    0.507          226.000
      Category 2    0.493          220.000
    DO2
      Category 1    0.913          407.000
      Category 2    0.087           39.000
    DO3
      Category 1    0.484          215.000
      Category 2    0.516          229.000
    DO5
      Category 1    0.485          216.000
      Category 2    0.515          229.000
    DO6
      Category 1    0.775          344.000
      Category 2    0.225          100.000


RANDOM STARTS RESULTS RANKED FROM THE BEST TO THE WORST LOGLIKELIHOOD VALUES

Final stage loglikelihood values at local maxima, seeds, and initial stage start numbers:

           -1249.154  413160           216
           -1249.154  569800           263
           -1249.154  952234           481
           -1249.154  756001           353
           -1249.154  322476           234
           -1249.154  974972           282
           -1249.154  512723           168
           -1249.154  800938           82
           -1249.154  242557           34
           -1249.154  44168            288
           -1249.154  888414           489
           -1249.154  189422           9
           -1249.154  477232           187
           -1249.154  855874           476
           -1249.154  115902           284
           -1249.154  700923           428
           -1249.154  475761           205
           -1249.154  771864           434
           -1249.154  58493            277
           -1249.154  514665           60
           -1249.154  510150           201
           -1249.154  573586           148
           -1249.154  423678           387
           -1249.154  638149           425
           -1249.154  490933           479
           -1249.154  882812           55
           -1249.154  898661           330
           -1249.154  595151           177
           -1249.154  912956           147
           -1249.154  644510           38
           -1249.154  522753           158
           -1249.154  4927             22
           -1249.154  536769           202
           -1249.154  37799            457
           -1249.154  806864           83
           -1249.154  346540           36
           -1249.154  592118           73
           -1249.154  638719           342
           -1249.154  962417           188
           -1249.154  400815           134
           -1249.154  819946           27
           -1249.154  333210           357
           -1249.154  789374           329
           -1249.154  328156           446
           -1249.154  772262           118
           -1249.176  65014            262
           -1251.733  444289           317
           -1251.733  93510            408
           -1251.733  594411           98
           -1251.870  557730           491

50 perturbed starting value run(s) did not converge or were rejected in the third stage.



THE BEST LOGLIKELIHOOD VALUE HAS BEEN REPLICATED.  RERUN WITH AT LEAST TWICE THE
RANDOM STARTS TO CHECK THAT THE BEST LOGLIKELIHOOD IS STILL OBTAINED AND REPLICATED.

     IN THE OPTIMIZATION, ONE OR MORE LOGIT THRESHOLDS APPROACHED EXTREME VALUES
     OF -15.000 AND 15.000 AND WERE FIXED TO STABILIZE MODEL ESTIMATION.  THESE
     VALUES IMPLY PROBABILITIES OF 0 AND 1.  IN THE MODEL RESULTS SECTION, THESE
     PARAMETERS HAVE 0 STANDARD ERRORS AND 999 IN THE Z-SCORE AND P-VALUE COLUMNS.




THE MODEL ESTIMATION TERMINATED NORMALLY



MODEL FIT INFORMATION

Number of Free Parameters                       17

Loglikelihood

          H0 Value                       -1249.154
          H0 Scaling Correction Factor      1.1068
            for MLR

Information Criteria

          Akaike (AIC)                    2532.309
          Bayesian (BIC)                  2602.014
          Sample-Size Adjusted BIC        2548.063
            (n* = (n + 2) / 24)

Chi-Square Test of Model Fit for the Binary and Ordered Categorical
(Ordinal) Outcomes

          Pearson Chi-Square

          Value                             16.384
          Degrees of Freedom                    14
          P-Value                           0.2905

          Likelihood Ratio Chi-Square

          Value                             18.195
          Degrees of Freedom                    14
          P-Value                           0.1980

Chi-Square Test for MCAR under the Unrestricted Latent Class Indicator Model

          Pearson Chi-Square

          Value                             22.851
          Degrees of Freedom                    45
          P-Value                           0.9976

          Likelihood Ratio Chi-Square

          Value                             16.170
          Degrees of Freedom                    45
          P-Value                           1.0000



FINAL CLASS COUNTS AND PROPORTIONS FOR THE LATENT CLASSES
BASED ON THE ESTIMATED MODEL

    Latent
   Classes

       1         23.55462          0.05281
       2        283.67229          0.63604
       3        138.77310          0.31115


FINAL CLASS COUNTS AND PROPORTIONS FOR THE LATENT CLASSES
BASED ON ESTIMATED POSTERIOR PROBABILITIES

    Latent
   Classes

       1         23.55462          0.05281
       2        283.67229          0.63604
       3        138.77310          0.31115


FINAL CLASS COUNTS AND PROPORTIONS FOR THE LATENT CLASSES
BASED ON THEIR MOST LIKELY LATENT CLASS MEMBERSHIP

Class Counts and Proportions

    Latent
   Classes

       1               28          0.06278
       2              257          0.57623
       3              161          0.36099


CLASSIFICATION QUALITY

     Entropy                         0.722


Classification Probabilities for the Most Likely Latent Class Membership (Column)
by Latent Class (Row)

           1        2        3

    1   1.000    0.000    0.000
    2   0.015    0.845    0.140
    3   0.002    0.124    0.874


Logits for the Classification Probabilities for the Most Likely Latent Class Membership (Column)
by Latent Class (Row)

              1        2        3

    1     13.816    0.000    0.000
    2     -2.261    1.797    0.000
    3     -6.002   -1.950    0.000


MODEL RESULTS

                                                    Two-Tailed
                    Estimate       S.E.  Est./S.E.    P-Value

Latent Class 1

 Thresholds
    DO1$1              0.453      0.857      0.528      0.597
    DO2$1            -15.000      0.000    999.000    999.000
    DO3$1             -1.184      1.275     -0.929      0.353
    DO5$1            -15.000      0.000    999.000    999.000
    DO6$1             -0.375      0.884     -0.424      0.672

Latent Class 2

 Thresholds
    DO1$1             -0.534      0.236     -2.260      0.024
    DO2$1              3.915      3.120      1.255      0.210
    DO3$1             -0.567      0.313     -1.814      0.070
    DO5$1             -0.894      0.343     -2.604      0.009
    DO6$1              1.131      0.212      5.343      0.000

Latent Class 3

 Thresholds
    DO1$1              1.205      0.515      2.340      0.019
    DO2$1              2.566      0.480      5.347      0.000
    DO3$1              1.250      0.454      2.752      0.006
    DO5$1              3.432      5.835      0.588      0.556
    DO6$1              1.954      0.444      4.399      0.000

Categorical Latent Variables

 Means
    C#1               -1.774      0.538     -3.299      0.001
    C#2                0.715      0.629      1.136      0.256


RESULTS IN PROBABILITY SCALE

Latent Class 1

 DO1
    Category 1         0.611      0.204      3.002      0.003
    Category 2         0.389      0.204      1.909      0.056
 DO2
    Category 1         0.000      0.000      0.000      1.000
    Category 2         1.000      0.000      0.000      1.000
 DO3
    Category 1         0.234      0.229      1.025      0.306
    Category 2         0.766      0.229      3.347      0.001
 DO5
    Category 1         0.000      0.000      0.000      1.000
    Category 2         1.000      0.000      0.000      1.000
 DO6
    Category 1         0.407      0.213      1.908      0.056
    Category 2         0.593      0.213      2.776      0.006

Latent Class 2

 DO1
    Category 1         0.370      0.055      6.710      0.000
    Category 2         0.630      0.055     11.449      0.000
 DO2
    Category 1         0.980      0.060     16.391      0.000
    Category 2         0.020      0.060      0.327      0.744
 DO3
    Category 1         0.362      0.072      5.015      0.000
    Category 2         0.638      0.072      8.841      0.000
 DO5
    Category 1         0.290      0.071      4.103      0.000
    Category 2         0.710      0.071     10.033      0.000
 DO6
    Category 1         0.756      0.039     19.364      0.000
    Category 2         0.244      0.039      6.251      0.000

Latent Class 3

 DO1
    Category 1         0.769      0.091      8.422      0.000
    Category 2         0.231      0.091      2.524      0.012
 DO2
    Category 1         0.929      0.032     29.207      0.000
    Category 2         0.071      0.032      2.243      0.025
 DO3
    Category 1         0.777      0.079      9.886      0.000
    Category 2         0.223      0.079      2.833      0.005
 DO5
    Category 1         0.969      0.177      5.475      0.000
    Category 2         0.031      0.177      0.177      0.860
 DO6
    Category 1         0.876      0.048     18.139      0.000
    Category 2         0.124      0.048      2.571      0.010


LATENT CLASS ODDS RATIO RESULTS

                                         (Est. - 1) Two-Tailed
                    Estimate       S.E.     / S.E.    P-Value

Latent Class 1 Compared to Latent Class 2

 DO1
    Category > 1       0.373      0.310     -2.022      0.043
 DO2
    Category > 1   *********      0.000    999.000    999.000
 DO3
    Category > 1       1.853      2.696      0.316      0.752
 DO5
    Category > 1   *********      0.000    999.000    999.000
 DO6
    Category > 1       4.506      4.364      0.803      0.422

Latent Class 1 Compared to Latent Class 3

 DO1
    Category > 1       2.122      1.716      0.654      0.513
 DO2
    Category > 1   *********      0.000    999.000    999.000
 DO3
    Category > 1      11.397     16.654      0.624      0.532
 DO5
    Category > 1   *********      0.000    999.000    999.000
 DO6
    Category > 1      10.263     10.079      0.919      0.358

Latent Class 2 Compared to Latent Class 3

 DO1
    Category > 1       5.693      2.649      1.771      0.076
 DO2
    Category > 1       0.260      0.888     -0.834      0.405
 DO3
    Category > 1       6.151      2.661      1.935      0.053
 DO5
    Category > 1      75.659    432.923      0.172      0.863
 DO6
    Category > 1       2.278      1.263      1.011      0.312


QUALITY OF NUMERICAL RESULTS

     Condition Number for the Information Matrix              0.534E-03
       (ratio of smallest to largest eigenvalue)


TECHNICAL 11 OUTPUT

     Random Starts Specifications for the k-1 Class Analysis Model
        Number of initial stage random starts                 500
        Number of final stage optimizations                   100



     VUONG-LO-MENDELL-RUBIN LIKELIHOOD RATIO TEST FOR 2 (H0) VERSUS 3 CLASSES

          H0 Loglikelihood Value                        -1259.240
          2 Times the Loglikelihood Difference             20.171
          Difference in the Number of Parameters                6
          Mean                                              8.628
          Standard Deviation                               11.389
          P-Value                                          0.1196

     LO-MENDELL-RUBIN ADJUSTED LRT TEST

          Value                                            19.635
          P-Value                                          0.1254


TECHNICAL 14 OUTPUT

     Random Starts Specifications for the k-1 Class Analysis Model
        Number of initial stage random starts                 500
        Number of final stage optimizations                   100

     Random Starts Specification for the k-1 Class Model for Generated Data
        Number of initial stage random starts                   0
        Number of final stage optimizations for the
           initial stage random starts                          0
     Random Starts Specification for the k Class Model for Generated Data
        Number of initial stage random starts                  40
        Number of final stage optimizations                     8
     Number of bootstrap draws requested                   Varies


     PARAMETRIC BOOTSTRAPPED LIKELIHOOD RATIO TEST FOR 2 (H0) VERSUS 3 CLASSES

          H0 Loglikelihood Value                        -1259.240
          2 Times the Loglikelihood Difference             20.171
          Difference in the Number of Parameters                6
          Approximate P-Value                              0.0000
          Successful Bootstrap Draws                           49


PLOT INFORMATION

The following plots are available:

  Histograms (sample values)
  Scatterplots (sample values)
  Sample proportions and estimated probabilities

     Beginning Time:  10:22:48
        Ending Time:  10:22:50
       Elapsed Time:  00:00:02



MUTHEN & MUTHEN
3463 Stoner Ave.
Los Angeles, CA  90066

Tel: (310) 391-9971
Fax: (310) 391-8971
Web: www.StatModel.com
Support: Support@StatModel.com

Copyright (c) 1998-2019 Muthen & Muthen
