Mplus VERSION 8.4 (Mac)
MUTHEN & MUTHEN
09/24/2020  10:22 AM

INPUT INSTRUCTIONS

  TITLE:
  Class-5 LCA Enumeration - Youth Coping Strategies
  DATA:
  FILE = "/Users/agarber/Desktop/bd_paper_r_code/enum_mplus/c_lca_enum_bd.dat";

  VARIABLE:
  NAMES = id FEMALE studraw ETHN_CMP do1 do2 do3 do4 do5 do6 do7 psolv1 psolv2 psolv3
       psolv4 psolv5 psolv6 psolv7 psolv8 SOC_STRS BOTHR_U negmood1 posmood1;
   MISSING=.;
   categorical = do1 do2 do3 do5 do6;
  usevar = do1 do2 do3 do5 do6;

  classes = c(5);
  ANALYSIS:
  estimator = mlr;
      type = mixture;
      starts = 500 100;
      stseed = 5082020; !!! to avoid re-arranging of classes !!!
      processors=10;
  OUTPUT:
  sampstat tech11 tech14;
  PLOT:
  type = plot3;
      series = do1 do2 do3 do5 do6(*);



*** WARNING in OUTPUT command
  SAMPSTAT option is not available when all outcomes are censored, ordered
  categorical, unordered categorical (nominal), count or continuous-time
  survival variables.  Request for SAMPSTAT is ignored.
*** WARNING
  Data set contains cases with missing on all variables.
  These cases were not included in the analysis.
  Number of cases with missing on all variables:  143
   2 WARNING(S) FOUND IN THE INPUT INSTRUCTIONS




Class-5 LCA Enumeration - Youth Coping Strategies

SUMMARY OF ANALYSIS

Number of groups                                                 1
Number of observations                                         446

Number of dependent variables                                    5
Number of independent variables                                  0
Number of continuous latent variables                            0
Number of categorical latent variables                           1

Observed dependent variables

  Binary and ordered categorical (ordinal)
   DO1         DO2         DO3         DO5         DO6

Categorical latent variables
   C


Estimator                                                      MLR
Information matrix                                        OBSERVED
Optimization Specifications for the Quasi-Newton Algorithm for
Continuous Outcomes
  Maximum number of iterations                                 100
  Convergence criterion                                  0.100D-05
Optimization Specifications for the EM Algorithm
  Maximum number of iterations                                 500
  Convergence criteria
    Loglikelihood change                                 0.100D-06
    Relative loglikelihood change                        0.100D-06
    Derivative                                           0.100D-05
Optimization Specifications for the M step of the EM Algorithm for
Categorical Latent variables
  Number of M step iterations                                    1
  M step convergence criterion                           0.100D-05
  Basis for M step termination                           ITERATION
Optimization Specifications for the M step of the EM Algorithm for
Censored, Binary or Ordered Categorical (Ordinal), Unordered
Categorical (Nominal) and Count Outcomes
  Number of M step iterations                                    1
  M step convergence criterion                           0.100D-05
  Basis for M step termination                           ITERATION
  Maximum value for logit thresholds                            15
  Minimum value for logit thresholds                           -15
  Minimum expected cell size for chi-square              0.100D-01
Maximum number of iterations for H1                           2000
Convergence criterion for H1                             0.100D-03
Optimization algorithm                                         EMA
Random Starts Specifications
  Number of initial stage random starts                        500
  Number of final stage optimizations                          100
  Number of initial stage iterations                            10
  Initial stage convergence criterion                    0.100D+01
  Random starts scale                                    0.500D+01
  Random seed for generating random starts                 5082020
Link                                                         LOGIT

Input data file(s)
  /Users/agarber/Desktop/bd_paper_r_code/enum_mplus/c_lca_enum_bd.dat
Input data format  FREE


SUMMARY OF DATA

     Number of missing data patterns             4
     Number of y missing data patterns           0
     Number of u missing data patterns           4


COVARIANCE COVERAGE OF DATA

Minimum covariance coverage value   0.100


     PROPORTION OF DATA PRESENT FOR U


           Covariance Coverage
              DO1           DO2           DO3           DO5           DO6
              ________      ________      ________      ________      ________
 DO1            1.000
 DO2            1.000         1.000
 DO3            0.996         0.996         0.996
 DO5            0.998         0.998         0.993         0.998
 DO6            0.996         0.996         0.991         0.993         0.996


UNIVARIATE PROPORTIONS AND COUNTS FOR CATEGORICAL VARIABLES

    DO1
      Category 1    0.507          226.000
      Category 2    0.493          220.000
    DO2
      Category 1    0.913          407.000
      Category 2    0.087           39.000
    DO3
      Category 1    0.484          215.000
      Category 2    0.516          229.000
    DO5
      Category 1    0.485          216.000
      Category 2    0.515          229.000
    DO6
      Category 1    0.775          344.000
      Category 2    0.225          100.000


RANDOM STARTS RESULTS RANKED FROM THE BEST TO THE WORST LOGLIKELIHOOD VALUES

Final stage loglikelihood values at local maxima, seeds, and initial stage start numbers:

           -1242.360  226633           419
           -1242.360  42672            335
           -1242.360  362507           132
           -1242.360  598787           105
           -1242.360  197823           245
           -1242.360  529696           372
           -1242.388  768101           167
           -1242.407  705968           477
           -1242.407  602479           145
           -1242.407  739497           386
           -1242.407  381058           86
           -1242.407  716123           496
           -1242.407  441322           15
           -1242.456  355041           257
           -1242.456  207912           20
           -1242.456  162253           64
           -1242.456  512723           168
           -1242.474  322476           234
           -1242.523  659958           402
           -1242.523  804587           280
           -1242.535  555033           493
           -1242.536  158101           333
           -1242.536  475761           205
           -1242.589  614644           81
           -1242.620  799172           392
           -1242.766  67935            193
           -1243.039  789374           329
           -1243.229  647232           56
           -1243.500  819445           14
           -1244.812  4927             22

70 perturbed starting value run(s) did not converge or were rejected in the third stage.



THE BEST LOGLIKELIHOOD VALUE HAS BEEN REPLICATED.  RERUN WITH AT LEAST TWICE THE
RANDOM STARTS TO CHECK THAT THE BEST LOGLIKELIHOOD IS STILL OBTAINED AND REPLICATED.

     IN THE OPTIMIZATION, ONE OR MORE LOGIT THRESHOLDS APPROACHED EXTREME VALUES
     OF -15.000 AND 15.000 AND WERE FIXED TO STABILIZE MODEL ESTIMATION.  THESE
     VALUES IMPLY PROBABILITIES OF 0 AND 1.  IN THE MODEL RESULTS SECTION, THESE
     PARAMETERS HAVE 0 STANDARD ERRORS AND 999 IN THE Z-SCORE AND P-VALUE COLUMNS.




THE MODEL ESTIMATION TERMINATED NORMALLY



MODEL FIT INFORMATION

Number of Free Parameters                       29

Loglikelihood

          H0 Value                       -1242.360
          H0 Scaling Correction Factor      1.0046
            for MLR

Information Criteria

          Akaike (AIC)                    2542.720
          Bayesian (BIC)                  2661.630
          Sample-Size Adjusted BIC        2569.596
            (n* = (n + 2) / 24)

Chi-Square Test of Model Fit for the Binary and Ordered Categorical
(Ordinal) Outcomes

          Pearson Chi-Square

          Value                              3.611
          Degrees of Freedom                     2
          P-Value                           0.1644

          Likelihood Ratio Chi-Square

          Value                              4.607
          Degrees of Freedom                     2
          P-Value                           0.0999

Chi-Square Test for MCAR under the Unrestricted Latent Class Indicator Model

          Pearson Chi-Square

          Value                             22.851
          Degrees of Freedom                    45
          P-Value                           0.9976

          Likelihood Ratio Chi-Square

          Value                             16.170
          Degrees of Freedom                    45
          P-Value                           1.0000



FINAL CLASS COUNTS AND PROPORTIONS FOR THE LATENT CLASSES
BASED ON THE ESTIMATED MODEL

    Latent
   Classes

       1         13.70332          0.03072
       2        144.07947          0.32305
       3         16.33814          0.03663
       4        117.03895          0.26242
       5        154.84012          0.34718


FINAL CLASS COUNTS AND PROPORTIONS FOR THE LATENT CLASSES
BASED ON ESTIMATED POSTERIOR PROBABILITIES

    Latent
   Classes

       1         13.70332          0.03072
       2        144.07947          0.32305
       3         16.33814          0.03663
       4        117.03895          0.26242
       5        154.84012          0.34718


FINAL CLASS COUNTS AND PROPORTIONS FOR THE LATENT CLASSES
BASED ON THEIR MOST LIKELY LATENT CLASS MEMBERSHIP

Class Counts and Proportions

    Latent
   Classes

       1               15          0.03363
       2              174          0.39013
       3                7          0.01570
       4               97          0.21749
       5              153          0.34305


CLASSIFICATION QUALITY

     Entropy                         0.821


Classification Probabilities for the Most Likely Latent Class Membership (Column)
by Latent Class (Row)

           1        2        3        4        5

    1   1.000    0.000    0.000    0.000    0.000
    2   0.000    0.934    0.000    0.000    0.066
    3   0.000    0.495    0.401    0.028    0.076
    4   0.009    0.166    0.000    0.825    0.000
    5   0.001    0.077    0.003    0.000    0.919


Logits for the Classification Probabilities for the Most Likely Latent Class Membership (Column)
by Latent Class (Row)

              1        2        3        4        5

    1     13.816    0.000    0.000    0.000    0.000
    2    -11.093    2.654  -11.093  -11.093    0.000
    3    -11.236    1.877    1.667   -1.012    0.000
    4      9.128   12.019    0.000   13.623    0.000
    5     -6.477   -2.482   -5.772  -13.731    0.000


MODEL RESULTS

                                                    Two-Tailed
                    Estimate       S.E.  Est./S.E.    P-Value

Latent Class 1

 Thresholds
    DO1$1              0.273      0.584      0.468      0.640
    DO2$1            -15.000      0.000    999.000    999.000
    DO3$1             -1.817      0.968     -1.876      0.061
    DO5$1            -15.000      0.000    999.000    999.000
    DO6$1            -15.000      0.000    999.000    999.000

Latent Class 2

 Thresholds
    DO1$1             -0.693      0.402     -1.724      0.085
    DO2$1             15.000      0.000    999.000    999.000
    DO3$1            -15.000      0.000    999.000    999.000
    DO5$1             -0.892      0.326     -2.736      0.006
    DO6$1              0.783      0.270      2.898      0.004

Latent Class 3

 Thresholds
    DO1$1              2.739      3.902      0.702      0.483
    DO2$1              0.145      1.550      0.094      0.925
    DO3$1            -15.000      0.000    999.000    999.000
    DO5$1             -2.415      3.536     -0.683      0.495
    DO6$1             15.000      0.000    999.000    999.000

Latent Class 4

 Thresholds
    DO1$1            -15.000      0.000    999.000    999.000
    DO2$1              2.531      0.399      6.340      0.000
    DO3$1              1.530      1.264      1.211      0.226
    DO5$1             -0.134      0.207     -0.644      0.519
    DO6$1              1.449      0.265      5.467      0.000

Latent Class 5

 Thresholds
    DO1$1             15.000      0.000    999.000    999.000
    DO2$1              2.775      0.390      7.119      0.000
    DO3$1              1.159      0.452      2.565      0.010
    DO5$1              1.198      0.219      5.466      0.000
    DO6$1              1.958      0.278      7.052      0.000

Categorical Latent Variables

 Means
    C#1               -2.425      0.316     -7.681      0.000
    C#2               -0.072      0.355     -0.203      0.839
    C#3               -2.249      0.893     -2.519      0.012
    C#4               -0.280      0.220     -1.274      0.203


RESULTS IN PROBABILITY SCALE

Latent Class 1

 DO1
    Category 1         0.568      0.143      3.964      0.000
    Category 2         0.432      0.143      3.017      0.003
 DO2
    Category 1         0.000      0.000      0.000      1.000
    Category 2         1.000      0.000      0.000      1.000
 DO3
    Category 1         0.140      0.116      1.201      0.230
    Category 2         0.860      0.116      7.386      0.000
 DO5
    Category 1         0.000      0.000      0.000      1.000
    Category 2         1.000      0.000      0.000      1.000
 DO6
    Category 1         0.000      0.000      0.000      1.000
    Category 2         1.000      0.000      0.000      1.000

Latent Class 2

 DO1
    Category 1         0.333      0.089      3.731      0.000
    Category 2         0.667      0.089      7.461      0.000
 DO2
    Category 1         1.000      0.000      0.000      1.000
    Category 2         0.000      0.000      0.000      1.000
 DO3
    Category 1         0.000      0.000      0.000      1.000
    Category 2         1.000      0.000      0.000      1.000
 DO5
    Category 1         0.291      0.067      4.323      0.000
    Category 2         0.709      0.067     10.550      0.000
 DO6
    Category 1         0.686      0.058     11.801      0.000
    Category 2         0.314      0.058      5.395      0.000

Latent Class 3

 DO1
    Category 1         0.939      0.223      4.220      0.000
    Category 2         0.061      0.223      0.273      0.785
 DO2
    Category 1         0.536      0.385      1.391      0.164
    Category 2         0.464      0.385      1.204      0.229
 DO3
    Category 1         0.000      0.000      0.000      1.000
    Category 2         1.000      0.000      0.000      1.000
 DO5
    Category 1         0.082      0.266      0.308      0.758
    Category 2         0.918      0.266      3.446      0.001
 DO6
    Category 1         1.000      0.000      0.000      1.000
    Category 2         0.000      0.000      0.000      1.000

Latent Class 4

 DO1
    Category 1         0.000      0.000      0.000      1.000
    Category 2         1.000      0.000      0.000      1.000
 DO2
    Category 1         0.926      0.027     33.981      0.000
    Category 2         0.074      0.027      2.704      0.007
 DO3
    Category 1         0.822      0.185      4.445      0.000
    Category 2         0.178      0.185      0.962      0.336
 DO5
    Category 1         0.467      0.052      9.048      0.000
    Category 2         0.533      0.052     10.340      0.000
 DO6
    Category 1         0.810      0.041     19.842      0.000
    Category 2         0.190      0.041      4.658      0.000

Latent Class 5

 DO1
    Category 1         1.000      0.000      0.000      1.000
    Category 2         0.000      0.000      0.000      1.000
 DO2
    Category 1         0.941      0.022     43.699      0.000
    Category 2         0.059      0.022      2.726      0.006
 DO3
    Category 1         0.761      0.082      9.268      0.000
    Category 2         0.239      0.082      2.910      0.004
 DO5
    Category 1         0.768      0.039     19.682      0.000
    Category 2         0.232      0.039      5.943      0.000
 DO6
    Category 1         0.876      0.030     29.118      0.000
    Category 2         0.124      0.030      4.111      0.000


LATENT CLASS ODDS RATIO RESULTS

                                         (Est. - 1) Two-Tailed
                    Estimate       S.E.     / S.E.    P-Value

Latent Class 1 Compared to Latent Class 2

 DO1
    Category > 1       0.381      0.268     -2.312      0.021
 DO2
    Category > 1   *********      0.000    999.000    999.000
 DO3
    Category > 1       0.000      0.000    999.000    999.000
 DO5
    Category > 1   *********      0.000    999.000    999.000
 DO6
    Category > 1   *********      0.000    999.000    999.000

Latent Class 1 Compared to Latent Class 3

 DO1
    Category > 1      11.770     46.061      0.234      0.815
 DO2
    Category > 1   *********      0.000    999.000    999.000
 DO3
    Category > 1       0.000      0.000    999.000    999.000
 DO5
    Category > 1   *********      0.000    999.000    999.000
 DO6
    Category > 1   *********      0.000    999.000    999.000

Latent Class 1 Compared to Latent Class 4

 DO1
    Category > 1       0.000      0.000    999.000    999.000
 DO2
    Category > 1   *********      0.000    999.000    999.000
 DO3
    Category > 1      28.411     45.423      0.603      0.546
 DO5
    Category > 1   *********      0.000    999.000    999.000
 DO6
    Category > 1   *********      0.000    999.000    999.000

Latent Class 1 Compared to Latent Class 5

 DO1
    Category > 1   *********      0.000    999.000    999.000
 DO2
    Category > 1   *********      0.000    999.000    999.000
 DO3
    Category > 1      19.593     20.929      0.888      0.374
 DO5
    Category > 1   *********      0.000    999.000    999.000
 DO6
    Category > 1   *********      0.000    999.000    999.000

Latent Class 2 Compared to Latent Class 3

 DO1
    Category > 1      30.922    120.361      0.249      0.804
 DO2
    Category > 1       0.000      0.000    999.000    999.000
 DO3
    Category > 1       1.000      0.000    999.000    999.000
 DO5
    Category > 1       0.218      0.745     -1.049      0.294
 DO6
    Category > 1   *********      0.000    999.000    999.000

Latent Class 2 Compared to Latent Class 4

 DO1
    Category > 1       0.000      0.000    999.000    999.000
 DO2
    Category > 1       0.000      0.000    999.000    999.000
 DO3
    Category > 1   *********      0.000    999.000    999.000
 DO5
    Category > 1       2.135      0.841      1.350      0.177
 DO6
    Category > 1       1.948      0.791      1.198      0.231

Latent Class 2 Compared to Latent Class 5

 DO1
    Category > 1   *********      0.000    999.000    999.000
 DO2
    Category > 1       0.000      0.000    999.000    999.000
 DO3
    Category > 1   *********      0.000    999.000    999.000
 DO5
    Category > 1       8.083      3.174      2.232      0.026
 DO6
    Category > 1       3.238      1.239      1.806      0.071

Latent Class 3 Compared to Latent Class 4

 DO1
    Category > 1       0.000      0.000    999.000    999.000
 DO2
    Category > 1      10.871     17.235      0.573      0.567
 DO3
    Category > 1   *********      0.000    999.000    999.000
 DO5
    Category > 1       9.787     34.526      0.255      0.799
 DO6
    Category > 1       0.000      0.000    999.000    999.000

Latent Class 3 Compared to Latent Class 5

 DO1
    Category > 1   *********      0.000    999.000    999.000
 DO2
    Category > 1      13.870     22.351      0.576      0.565
 DO3
    Category > 1   *********      0.000    999.000    999.000
 DO5
    Category > 1      37.046    131.349      0.274      0.784
 DO6
    Category > 1       0.000      0.000    999.000    999.000

Latent Class 4 Compared to Latent Class 5

 DO1
    Category > 1   *********      0.000    999.000    999.000
 DO2
    Category > 1       1.276      0.698      0.395      0.693
 DO3
    Category > 1       0.690      0.758     -0.410      0.682
 DO5
    Category > 1       3.785      1.140      2.442      0.015
 DO6
    Category > 1       1.663      0.636      1.041      0.298


QUALITY OF NUMERICAL RESULTS

     Condition Number for the Information Matrix              0.611E-03
       (ratio of smallest to largest eigenvalue)


TECHNICAL 11 OUTPUT

     Random Starts Specifications for the k-1 Class Analysis Model
        Number of initial stage random starts                 500
        Number of final stage optimizations                   100



     VUONG-LO-MENDELL-RUBIN LIKELIHOOD RATIO TEST FOR 4 (H0) VERSUS 5 CLASSES

          H0 Loglikelihood Value                        -1244.265
          2 Times the Loglikelihood Difference              3.811
          Difference in the Number of Parameters                6
          Mean                                              2.947
          Standard Deviation                                3.747
          P-Value                                          0.3417

     LO-MENDELL-RUBIN ADJUSTED LRT TEST

          Value                                             3.709
          P-Value                                          0.3524


TECHNICAL 14 OUTPUT

     Random Starts Specifications for the k-1 Class Analysis Model
        Number of initial stage random starts                 500
        Number of final stage optimizations                   100

     Random Starts Specification for the k-1 Class Model for Generated Data
        Number of initial stage random starts                   0
        Number of final stage optimizations for the
           initial stage random starts                          0
     Random Starts Specification for the k Class Model for Generated Data
        Number of initial stage random starts                  40
        Number of final stage optimizations                     8
     Number of bootstrap draws requested                   Varies


     PARAMETRIC BOOTSTRAPPED LIKELIHOOD RATIO TEST FOR 4 (H0) VERSUS 5 CLASSES

          H0 Loglikelihood Value                        -1244.265
          2 Times the Loglikelihood Difference              3.811
          Difference in the Number of Parameters                6
          Approximate P-Value                              0.6667
          Successful Bootstrap Draws                            3


PLOT INFORMATION

The following plots are available:

  Histograms (sample values)
  Scatterplots (sample values)
  Sample proportions and estimated probabilities

     Beginning Time:  10:22:51
        Ending Time:  10:22:51
       Elapsed Time:  00:00:00



MUTHEN & MUTHEN
3463 Stoner Ave.
Los Angeles, CA  90066

Tel: (310) 391-9971
Fax: (310) 391-8971
Web: www.StatModel.com
Support: Support@StatModel.com

Copyright (c) 1998-2019 Muthen & Muthen
