Mplus VERSION 8.4 (Mac)
MUTHEN & MUTHEN
09/24/2020  10:22 AM

INPUT INSTRUCTIONS

  TITLE:
  Class-6 LCA Enumeration - Youth Coping Strategies
  DATA:
  FILE = "/Users/agarber/Desktop/bd_paper_r_code/enum_mplus/c_lca_enum_bd.dat";

  VARIABLE:
  NAMES = id FEMALE studraw ETHN_CMP do1 do2 do3 do4 do5 do6 do7 psolv1 psolv2 psolv3
       psolv4 psolv5 psolv6 psolv7 psolv8 SOC_STRS BOTHR_U negmood1 posmood1;
   MISSING=.;
   categorical = do1 do2 do3 do5 do6;
  usevar = do1 do2 do3 do5 do6;

  classes = c(6);
  ANALYSIS:
  estimator = mlr;
      type = mixture;
      starts = 500 100;
      stseed = 5082020; !!! to avoid re-arranging of classes !!!
      processors=10;
  OUTPUT:
  sampstat tech11 tech14;
  PLOT:
  type = plot3;
      series = do1 do2 do3 do5 do6(*);



*** WARNING in OUTPUT command
  SAMPSTAT option is not available when all outcomes are censored, ordered
  categorical, unordered categorical (nominal), count or continuous-time
  survival variables.  Request for SAMPSTAT is ignored.
*** WARNING
  Data set contains cases with missing on all variables.
  These cases were not included in the analysis.
  Number of cases with missing on all variables:  143
   2 WARNING(S) FOUND IN THE INPUT INSTRUCTIONS




Class-6 LCA Enumeration - Youth Coping Strategies

SUMMARY OF ANALYSIS

Number of groups                                                 1
Number of observations                                         446

Number of dependent variables                                    5
Number of independent variables                                  0
Number of continuous latent variables                            0
Number of categorical latent variables                           1

Observed dependent variables

  Binary and ordered categorical (ordinal)
   DO1         DO2         DO3         DO5         DO6

Categorical latent variables
   C


Estimator                                                      MLR
Information matrix                                        OBSERVED
Optimization Specifications for the Quasi-Newton Algorithm for
Continuous Outcomes
  Maximum number of iterations                                 100
  Convergence criterion                                  0.100D-05
Optimization Specifications for the EM Algorithm
  Maximum number of iterations                                 500
  Convergence criteria
    Loglikelihood change                                 0.100D-06
    Relative loglikelihood change                        0.100D-06
    Derivative                                           0.100D-05
Optimization Specifications for the M step of the EM Algorithm for
Categorical Latent variables
  Number of M step iterations                                    1
  M step convergence criterion                           0.100D-05
  Basis for M step termination                           ITERATION
Optimization Specifications for the M step of the EM Algorithm for
Censored, Binary or Ordered Categorical (Ordinal), Unordered
Categorical (Nominal) and Count Outcomes
  Number of M step iterations                                    1
  M step convergence criterion                           0.100D-05
  Basis for M step termination                           ITERATION
  Maximum value for logit thresholds                            15
  Minimum value for logit thresholds                           -15
  Minimum expected cell size for chi-square              0.100D-01
Maximum number of iterations for H1                           2000
Convergence criterion for H1                             0.100D-03
Optimization algorithm                                         EMA
Random Starts Specifications
  Number of initial stage random starts                        500
  Number of final stage optimizations                          100
  Number of initial stage iterations                            10
  Initial stage convergence criterion                    0.100D+01
  Random starts scale                                    0.500D+01
  Random seed for generating random starts                 5082020
Link                                                         LOGIT

Input data file(s)
  /Users/agarber/Desktop/bd_paper_r_code/enum_mplus/c_lca_enum_bd.dat
Input data format  FREE


SUMMARY OF DATA

     Number of missing data patterns             4
     Number of y missing data patterns           0
     Number of u missing data patterns           4


COVARIANCE COVERAGE OF DATA

Minimum covariance coverage value   0.100


     PROPORTION OF DATA PRESENT FOR U


           Covariance Coverage
              DO1           DO2           DO3           DO5           DO6
              ________      ________      ________      ________      ________
 DO1            1.000
 DO2            1.000         1.000
 DO3            0.996         0.996         0.996
 DO5            0.998         0.998         0.993         0.998
 DO6            0.996         0.996         0.991         0.993         0.996


UNIVARIATE PROPORTIONS AND COUNTS FOR CATEGORICAL VARIABLES

    DO1
      Category 1    0.507          226.000
      Category 2    0.493          220.000
    DO2
      Category 1    0.913          407.000
      Category 2    0.087           39.000
    DO3
      Category 1    0.484          215.000
      Category 2    0.516          229.000
    DO5
      Category 1    0.485          216.000
      Category 2    0.515          229.000
    DO6
      Category 1    0.775          344.000
      Category 2    0.225          100.000


RANDOM STARTS RESULTS RANKED FROM THE BEST TO THE WORST LOGLIKELIHOOD VALUES

Final stage loglikelihood values at local maxima, seeds, and initial stage start numbers:

           -1240.747  877350           116
           -1240.752  566462           240
           -1240.754  917400           149
           -1240.754  736968           474
           -1240.754  462273           162
           -1240.754  361557           411
           -1240.754  21143            26
           -1240.782  482182           344
           -1240.782  705968           477
           -1240.816  655478           66
           -1240.838  401613           424
           -1240.880  766333           190
           -1240.910  110211           151
           -1240.958  393552           401
           -1240.958  815794           197
           -1240.958  438810           77
           -1240.958  855874           476
           -1240.958  88786            210
           -1240.958  333210           357
           -1241.003  891690           290
           -1241.003  342254           414
           -1241.011  282972           21
           -1241.011  308933           438
           -1241.015  220761           233
           -1241.023  510150           201
           -1241.026  768101           167
           -1241.113  13854            124
           -1241.125  529593           339
           -1241.139  993298           253
           -1241.174  189422           9
           -1241.197  346297           274
           -1241.210  202133           218
           -1241.324  505586           303
           -1241.759  772018           312
           -1241.855  4927             22
           -1241.856  13598            133
           -1242.032  992011           53
           -1243.361  472265           281

62 perturbed starting value run(s) did not converge or were rejected in the third stage.



THE BEST LOGLIKELIHOOD VALUE HAS BEEN REPLICATED.  RERUN WITH AT LEAST TWICE THE
RANDOM STARTS TO CHECK THAT THE BEST LOGLIKELIHOOD IS STILL OBTAINED AND REPLICATED.

     IN THE OPTIMIZATION, ONE OR MORE LOGIT THRESHOLDS APPROACHED EXTREME VALUES
     OF -15.000 AND 15.000 AND WERE FIXED TO STABILIZE MODEL ESTIMATION.  THESE
     VALUES IMPLY PROBABILITIES OF 0 AND 1.  IN THE MODEL RESULTS SECTION, THESE
     PARAMETERS HAVE 0 STANDARD ERRORS AND 999 IN THE Z-SCORE AND P-VALUE COLUMNS.

     THE STANDARD ERRORS OF THE MODEL PARAMETER ESTIMATES MAY NOT BE
     TRUSTWORTHY FOR SOME PARAMETERS DUE TO A NON-POSITIVE DEFINITE
     FIRST-ORDER DERIVATIVE PRODUCT MATRIX.  THIS MAY BE DUE TO THE STARTING
     VALUES BUT MAY ALSO BE AN INDICATION OF MODEL NONIDENTIFICATION.  THE
     CONDITION NUMBER IS       0.594D-13.  PROBLEM INVOLVING THE FOLLOWING PARAMETER:
     Parameter 11, %C#3%: [ DO1$1 ]




THE MODEL ESTIMATION TERMINATED NORMALLY

     THE DEGREES OF FREEDOM FOR THIS MODEL ARE NEGATIVE.  THE MODEL IS NOT
     IDENTIFIED OR TOO MANY CELLS WERE DELETED.  A CHI-SQUARE TEST IS NOT
     AVAILABLE.



MODEL FIT INFORMATION

Number of Free Parameters                       35

Loglikelihood

          H0 Value                       -1240.747
          H0 Scaling Correction Factor      0.9695
            for MLR

Information Criteria

          Akaike (AIC)                    2551.494
          Bayesian (BIC)                  2695.005
          Sample-Size Adjusted BIC        2583.930
            (n* = (n + 2) / 24)



FINAL CLASS COUNTS AND PROPORTIONS FOR THE LATENT CLASSES
BASED ON THE ESTIMATED MODEL

    Latent
   Classes

       1         30.60455          0.06862
       2          5.48759          0.01230
       3         18.46096          0.04139
       4         50.93539          0.11420
       5        203.64738          0.45661
       6        136.86412          0.30687


FINAL CLASS COUNTS AND PROPORTIONS FOR THE LATENT CLASSES
BASED ON ESTIMATED POSTERIOR PROBABILITIES

    Latent
   Classes

       1         30.60455          0.06862
       2          5.48759          0.01230
       3         18.46096          0.04139
       4         50.93539          0.11420
       5        203.64738          0.45661
       6        136.86412          0.30687


FINAL CLASS COUNTS AND PROPORTIONS FOR THE LATENT CLASSES
BASED ON THEIR MOST LIKELY LATENT CLASS MEMBERSHIP

Class Counts and Proportions

    Latent
   Classes

       1               30          0.06726
       2                4          0.00897
       3               15          0.03363
       4               52          0.11659
       5              183          0.41031
       6              162          0.36323


CLASSIFICATION QUALITY

     Entropy                         0.817


Classification Probabilities for the Most Likely Latent Class Membership (Column)
by Latent Class (Row)

           1        2        3        4        5        6

    1   0.840    0.000    0.000    0.000    0.000    0.160
    2   0.000    0.601    0.000    0.000    0.347    0.052
    3   0.000    0.000    0.644    0.167    0.188    0.000
    4   0.000    0.000    0.039    0.959    0.002    0.000
    5   0.000    0.003    0.005    0.000    0.835    0.156
    6   0.031    0.000    0.000    0.000    0.054    0.913


Logits for the Classification Probabilities for the Most Likely Latent Class Membership (Column)
by Latent Class (Row)

              1        2        3        4        5        6

    1      1.660  -11.981  -11.981  -11.981  -11.981    0.000
    2    -10.850    2.457  -10.850  -10.850    1.907    0.000
    3     -4.962   -4.962    8.413    7.065    7.184    0.000
    4      0.000    0.000   10.569   13.774    7.657    0.000
    5    -11.959   -3.832   -3.384  -11.959    1.676    0.000
    6     -3.374   -9.401   -7.884   -7.542   -2.821    0.000


MODEL RESULTS

                                                    Two-Tailed
                    Estimate       S.E.  Est./S.E.    P-Value

Latent Class 1

 Thresholds
    DO1$1             -0.475      0.536     -0.886      0.376
    DO2$1             15.000      0.000    999.000    999.000
    DO3$1             -0.287      0.481     -0.597      0.551
    DO5$1             15.000      0.000    999.000    999.000
    DO6$1            -15.000      0.000    999.000    999.000

Latent Class 2

 Thresholds
    DO1$1            -15.000      0.000    999.000    999.000
    DO2$1             -0.550     15.513     -0.035      0.972
    DO3$1             15.000      0.000    999.000    999.000
    DO5$1             -2.912      9.643     -0.302      0.763
    DO6$1             15.000      0.000    999.000    999.000

Latent Class 3

 Thresholds
    DO1$1             13.671      3.895      3.510      0.000
    DO2$1             -0.684      3.555     -0.192      0.847
    DO3$1             -2.527      2.576     -0.981      0.327
    DO5$1            -15.000      0.000    999.000    999.000
    DO6$1              0.243      0.861      0.283      0.777

Latent Class 4

 Thresholds
    DO1$1             -0.975      1.066     -0.915      0.360
    DO2$1              1.460      0.422      3.463      0.001
    DO3$1             -1.099      0.390     -2.815      0.005
    DO5$1            -15.000      0.000    999.000    999.000
    DO6$1            -15.000      0.000    999.000    999.000

Latent Class 5

 Thresholds
    DO1$1             -0.496      0.500     -0.993      0.321
    DO2$1              3.983      1.038      3.838      0.000
    DO3$1             -0.430      0.940     -0.458      0.647
    DO5$1             -1.126      0.558     -2.019      0.043
    DO6$1             15.000      0.000    999.000    999.000

Latent Class 6

 Thresholds
    DO1$1              1.184      0.650      1.822      0.068
    DO2$1              2.549      0.419      6.087      0.000
    DO3$1              1.112      0.431      2.578      0.010
    DO5$1              5.045     62.998      0.080      0.936
    DO6$1              2.468      0.781      3.158      0.002

Categorical Latent Variables

 Means
    C#1               -1.498      0.848     -1.766      0.077
    C#2               -3.216      5.186     -0.620      0.535
    C#3               -2.003      1.405     -1.426      0.154
    C#4               -0.988      0.917     -1.078      0.281
    C#5                0.397      1.289      0.308      0.758


RESULTS IN PROBABILITY SCALE

Latent Class 1

 DO1
    Category 1         0.383      0.127      3.026      0.002
    Category 2         0.617      0.127      4.864      0.000
 DO2
    Category 1         1.000      0.000      0.000      1.000
    Category 2         0.000      0.000      0.000      1.000
 DO3
    Category 1         0.429      0.118      3.638      0.000
    Category 2         0.571      0.118      4.848      0.000
 DO5
    Category 1         1.000      0.000      0.000      1.000
    Category 2         0.000      0.000      0.000      1.000
 DO6
    Category 1         0.000      0.000      0.000      1.000
    Category 2         1.000      0.000      0.000      1.000

Latent Class 2

 DO1
    Category 1         0.000      0.000      0.000      1.000
    Category 2         1.000      0.000      0.000      1.000
 DO2
    Category 1         0.366      3.599      0.102      0.919
    Category 2         0.634      3.599      0.176      0.860
 DO3
    Category 1         1.000      0.000      0.000      1.000
    Category 2         0.000      0.000      0.000      1.000
 DO5
    Category 1         0.052      0.471      0.109      0.913
    Category 2         0.948      0.471      2.012      0.044
 DO6
    Category 1         1.000      0.000      0.000      1.000
    Category 2         0.000      0.000      0.000      1.000

Latent Class 3

 DO1
    Category 1         1.000      0.000  *********      0.000
    Category 2         0.000      0.000      0.257      0.797
 DO2
    Category 1         0.335      0.792      0.423      0.672
    Category 2         0.665      0.792      0.839      0.402
 DO3
    Category 1         0.074      0.177      0.419      0.675
    Category 2         0.926      0.177      5.245      0.000
 DO5
    Category 1         0.000      0.000      0.000      1.000
    Category 2         1.000      0.000      0.000      1.000
 DO6
    Category 1         0.561      0.212      2.643      0.008
    Category 2         0.439      0.212      2.072      0.038

Latent Class 4

 DO1
    Category 1         0.274      0.212      1.292      0.196
    Category 2         0.726      0.212      3.426      0.001
 DO2
    Category 1         0.812      0.064     12.586      0.000
    Category 2         0.188      0.064      2.923      0.003
 DO3
    Category 1         0.250      0.073      3.416      0.001
    Category 2         0.750      0.073     10.248      0.000
 DO5
    Category 1         0.000      0.000      0.000      1.000
    Category 2         1.000      0.000      0.000      1.000
 DO6
    Category 1         0.000      0.000      0.000      1.000
    Category 2         1.000      0.000      0.000      1.000

Latent Class 5

 DO1
    Category 1         0.378      0.118      3.219      0.001
    Category 2         0.622      0.118      5.288      0.000
 DO2
    Category 1         0.982      0.019     52.681      0.000
    Category 2         0.018      0.019      0.981      0.326
 DO3
    Category 1         0.394      0.224      1.756      0.079
    Category 2         0.606      0.224      2.700      0.007
 DO5
    Category 1         0.245      0.103      2.376      0.018
    Category 2         0.755      0.103      7.322      0.000
 DO6
    Category 1         1.000      0.000      0.000      1.000
    Category 2         0.000      0.000      0.000      1.000

Latent Class 6

 DO1
    Category 1         0.766      0.117      6.567      0.000
    Category 2         0.234      0.117      2.010      0.044
 DO2
    Category 1         0.927      0.028     32.932      0.000
    Category 2         0.073      0.028      2.575      0.010
 DO3
    Category 1         0.752      0.080      9.367      0.000
    Category 2         0.248      0.080      3.082      0.002
 DO5
    Category 1         0.994      0.401      2.480      0.013
    Category 2         0.006      0.401      0.016      0.987
 DO6
    Category 1         0.922      0.056     16.375      0.000
    Category 2         0.078      0.056      1.388      0.165


LATENT CLASS ODDS RATIO RESULTS

                                         (Est. - 1) Two-Tailed
                    Estimate       S.E.     / S.E.    P-Value

Latent Class 1 Compared to Latent Class 2

 DO1
    Category > 1       0.000      0.000    999.000    999.000
 DO2
    Category > 1       0.000      0.000    999.000    999.000
 DO3
    Category > 1   *********      0.000    999.000    999.000
 DO5
    Category > 1       0.000      0.000    999.000    999.000
 DO6
    Category > 1   *********      0.000    999.000    999.000

Latent Class 1 Compared to Latent Class 3

 DO1
    Category > 1   *********  *********      0.254      0.799
 DO2
    Category > 1       0.000      0.000    999.000    999.000
 DO3
    Category > 1       0.107      0.275     -3.244      0.001
 DO5
    Category > 1       0.000      0.000    999.000    999.000
 DO6
    Category > 1   *********      0.000    999.000    999.000

Latent Class 1 Compared to Latent Class 4

 DO1
    Category > 1       0.606      0.709     -0.555      0.579
 DO2
    Category > 1       0.000      0.000    999.000    999.000
 DO3
    Category > 1       0.444      0.269     -2.067      0.039
 DO5
    Category > 1       0.000      0.000    999.000    999.000
 DO6
    Category > 1       1.000      0.000    999.000    999.000

Latent Class 1 Compared to Latent Class 5

 DO1
    Category > 1       0.979      0.699     -0.031      0.976
 DO2
    Category > 1       0.000      0.000    999.000    999.000
 DO3
    Category > 1       0.867      0.873     -0.153      0.879
 DO5
    Category > 1       0.000      0.000    999.000    999.000
 DO6
    Category > 1   *********      0.000    999.000    999.000

Latent Class 1 Compared to Latent Class 6

 DO1
    Category > 1       5.252      4.647      0.915      0.360
 DO2
    Category > 1       0.000      0.000    999.000    999.000
 DO3
    Category > 1       4.051      2.680      1.138      0.255
 DO5
    Category > 1       0.000      0.003   -386.460      0.000
 DO6
    Category > 1   *********      0.000    999.000    999.000

Latent Class 2 Compared to Latent Class 3

 DO1
    Category > 1   *********      0.000    999.000    999.000
 DO2
    Category > 1       0.874     14.076     -0.009      0.993
 DO3
    Category > 1       0.000      0.000    999.000    999.000
 DO5
    Category > 1       0.000      0.000    999.000    999.000
 DO6
    Category > 1       0.000      0.000    999.000    999.000

Latent Class 2 Compared to Latent Class 4

 DO1
    Category > 1   *********      0.000    999.000    999.000
 DO2
    Category > 1       7.460    116.122      0.056      0.956
 DO3
    Category > 1       0.000      0.000    999.000    999.000
 DO5
    Category > 1       0.000      0.000    999.000    999.000
 DO6
    Category > 1       0.000      0.000    999.000    999.000

Latent Class 2 Compared to Latent Class 5

 DO1
    Category > 1   *********      0.000    999.000    999.000
 DO2
    Category > 1      93.004   1419.638      0.065      0.948
 DO3
    Category > 1       0.000      0.000    999.000    999.000
 DO5
    Category > 1       5.970     56.766      0.088      0.930
 DO6
    Category > 1       1.000      0.000    999.000    999.000

Latent Class 2 Compared to Latent Class 6

 DO1
    Category > 1   *********      0.000    999.000    999.000
 DO2
    Category > 1      22.161    341.237      0.062      0.951
 DO3
    Category > 1       0.000      0.000    999.000    999.000
 DO5
    Category > 1    2856.295  *********      0.016      0.987
 DO6
    Category > 1       0.000      0.000    999.000    999.000

Latent Class 3 Compared to Latent Class 4

 DO1
    Category > 1       0.000      0.000  *********      0.000
 DO2
    Category > 1       8.531     31.115      0.242      0.809
 DO3
    Category > 1       4.170     10.656      0.298      0.766
 DO5
    Category > 1       1.000      0.000    999.000    999.000
 DO6
    Category > 1       0.000      0.000    999.000    999.000

Latent Class 3 Compared to Latent Class 5

 DO1
    Category > 1       0.000      0.000  *********      0.000
 DO2
    Category > 1     106.358    370.292      0.285      0.776
 DO3
    Category > 1       8.136     16.585      0.430      0.667
 DO5
    Category > 1   *********      0.000    999.000    999.000
 DO6
    Category > 1   *********      0.000    999.000    999.000

Latent Class 3 Compared to Latent Class 6

 DO1
    Category > 1       0.000      0.000  *********      0.000
 DO2
    Category > 1      25.343     89.218      0.273      0.785
 DO3
    Category > 1      38.028     97.200      0.381      0.703
 DO5
    Category > 1   *********  *********      0.018      0.985
 DO6
    Category > 1       9.248     11.107      0.743      0.458

Latent Class 4 Compared to Latent Class 5

 DO1
    Category > 1       1.614      1.192      0.515      0.607
 DO2
    Category > 1      12.468     14.241      0.805      0.421
 DO3
    Category > 1       1.951      1.766      0.538      0.590
 DO5
    Category > 1   *********      0.000    999.000    999.000
 DO6
    Category > 1   *********      0.000    999.000    999.000

Latent Class 4 Compared to Latent Class 6

 DO1
    Category > 1       8.661     10.065      0.761      0.447
 DO2
    Category > 1       2.971      1.826      1.079      0.280
 DO3
    Category > 1       9.119      5.528      1.469      0.142
 DO5
    Category > 1   *********  *********      0.018      0.985
 DO6
    Category > 1   *********      0.000    999.000    999.000

Latent Class 5 Compared to Latent Class 6

 DO1
    Category > 1       5.367      3.856      1.133      0.257
 DO2
    Category > 1       0.238      0.265     -2.880      0.004
 DO3
    Category > 1       4.674      4.566      0.805      0.421
 DO5
    Category > 1     478.407  30026.891      0.016      0.987
 DO6
    Category > 1       0.000      0.000    999.000    999.000


QUALITY OF NUMERICAL RESULTS

     Condition Number for the Information Matrix              0.594E-13
       (ratio of smallest to largest eigenvalue)


TECHNICAL 1 OUTPUT


     PARAMETER SPECIFICATION FOR LATENT CLASS 1


     PARAMETER SPECIFICATION FOR LATENT CLASS 2


     PARAMETER SPECIFICATION FOR LATENT CLASS 3


     PARAMETER SPECIFICATION FOR LATENT CLASS 4


     PARAMETER SPECIFICATION FOR LATENT CLASS 5


     PARAMETER SPECIFICATION FOR LATENT CLASS 6


     PARAMETER SPECIFICATION FOR LATENT CLASS INDICATOR MODEL PART


           TAU(U) FOR LATENT CLASS 1
              DO1$1         DO2$1         DO3$1         DO5$1         DO6$1
              ________      ________      ________      ________      ________
                    1             2             3             4             5


           TAU(U) FOR LATENT CLASS 2
              DO1$1         DO2$1         DO3$1         DO5$1         DO6$1
              ________      ________      ________      ________      ________
                    6             7             8             9            10


           TAU(U) FOR LATENT CLASS 3
              DO1$1         DO2$1         DO3$1         DO5$1         DO6$1
              ________      ________      ________      ________      ________
                   11            12            13            14            15


           TAU(U) FOR LATENT CLASS 4
              DO1$1         DO2$1         DO3$1         DO5$1         DO6$1
              ________      ________      ________      ________      ________
                   16            17            18            19            20


           TAU(U) FOR LATENT CLASS 5
              DO1$1         DO2$1         DO3$1         DO5$1         DO6$1
              ________      ________      ________      ________      ________
                   21            22            23            24            25


           TAU(U) FOR LATENT CLASS 6
              DO1$1         DO2$1         DO3$1         DO5$1         DO6$1
              ________      ________      ________      ________      ________
                   26            27            28            29            30


     PARAMETER SPECIFICATION FOR LATENT CLASS REGRESSION MODEL PART


           ALPHA(C)
              C#1           C#2           C#3           C#4           C#5
              ________      ________      ________      ________      ________
                   31            32            33            34            35


           ALPHA(C)
              C#6
              ________
                    0


     STARTING VALUES FOR LATENT CLASS 1


     STARTING VALUES FOR LATENT CLASS 2


     STARTING VALUES FOR LATENT CLASS 3


     STARTING VALUES FOR LATENT CLASS 4


     STARTING VALUES FOR LATENT CLASS 5


     STARTING VALUES FOR LATENT CLASS 6


     STARTING VALUES FOR LATENT CLASS INDICATOR MODEL PART


           TAU(U) FOR LATENT CLASS 1
              DO1$1         DO2$1         DO3$1         DO5$1         DO6$1
              ________      ________      ________      ________      ________
               -1.973         0.345        -2.063        -2.058        -0.765


           TAU(U) FOR LATENT CLASS 2
              DO1$1         DO2$1         DO3$1         DO5$1         DO6$1
              ________      ________      ________      ________      ________
               -0.973         1.345        -1.063        -1.058         0.235


           TAU(U) FOR LATENT CLASS 3
              DO1$1         DO2$1         DO3$1         DO5$1         DO6$1
              ________      ________      ________      ________      ________
                0.027         2.345        -0.063        -0.058         1.235


           TAU(U) FOR LATENT CLASS 4
              DO1$1         DO2$1         DO3$1         DO5$1         DO6$1
              ________      ________      ________      ________      ________
                0.027         2.345        -0.063        -0.058         1.235


           TAU(U) FOR LATENT CLASS 5
              DO1$1         DO2$1         DO3$1         DO5$1         DO6$1
              ________      ________      ________      ________      ________
                1.027         3.345         0.937         0.942         2.235


           TAU(U) FOR LATENT CLASS 6
              DO1$1         DO2$1         DO3$1         DO5$1         DO6$1
              ________      ________      ________      ________      ________
                2.027         4.345         1.937         1.942         3.235


     STARTING VALUES FOR LATENT CLASS REGRESSION MODEL PART


           ALPHA(C)
              C#1           C#2           C#3           C#4           C#5
              ________      ________      ________      ________      ________
                0.000         0.000         0.000         0.000         0.000


           ALPHA(C)
              C#6
              ________
                0.000


TECHNICAL 11 OUTPUT

     Random Starts Specifications for the k-1 Class Analysis Model
        Number of initial stage random starts                 500
        Number of final stage optimizations                   100



     VUONG-LO-MENDELL-RUBIN LIKELIHOOD RATIO TEST FOR 5 (H0) VERSUS 6 CLASSES

          H0 Loglikelihood Value                        -1242.360
          2 Times the Loglikelihood Difference              3.226
          Difference in the Number of Parameters                6
          Mean                                              3.421
          Standard Deviation                                4.582
          P-Value                                          0.5003

     LO-MENDELL-RUBIN ADJUSTED LRT TEST

          Value                                             3.141
          P-Value                                          0.5090


TECHNICAL 14 OUTPUT

     Random Starts Specifications for the k-1 Class Analysis Model
        Number of initial stage random starts                 500
        Number of final stage optimizations                   100

     Random Starts Specification for the k-1 Class Model for Generated Data
        Number of initial stage random starts                   0
        Number of final stage optimizations for the
           initial stage random starts                          0
     Random Starts Specification for the k Class Model for Generated Data
        Number of initial stage random starts                  40
        Number of final stage optimizations                     8
     Number of bootstrap draws requested                   Varies


     PARAMETRIC BOOTSTRAPPED LIKELIHOOD RATIO TEST FOR 5 (H0) VERSUS 6 CLASSES

          H0 Loglikelihood Value                        -1242.360
          2 Times the Loglikelihood Difference              3.226
          Difference in the Number of Parameters                6
          Approximate P-Value                              0.6667
          Successful Bootstrap Draws                            3


PLOT INFORMATION

The following plots are available:

  Histograms (sample values)
  Scatterplots (sample values)
  Sample proportions and estimated probabilities

     Beginning Time:  10:22:52
        Ending Time:  10:22:54
       Elapsed Time:  00:00:02



MUTHEN & MUTHEN
3463 Stoner Ave.
Los Angeles, CA  90066

Tel: (310) 391-9971
Fax: (310) 391-8971
Web: www.StatModel.com
Support: Support@StatModel.com

Copyright (c) 1998-2019 Muthen & Muthen
